<?xml version="1.0" encoding="UTF-8"?>
<!-- Generated by org.testng.reporters.JUnitReportReporter -->
<testsuite hostname="DESKTOP-8ED7I7K" failures="0" tests="1" name="seleniumproject1.selenium1.TestCase1" time="19.281" errors="0" timestamp="2024-10-07T13:28:30 IST" skipped="0">
  <testcase classname="seleniumproject1.selenium1.TestCase1" name="login_to_amazon" time="19.281"/>
  <system-out/>
</testsuite> <!-- seleniumproject1.selenium1.TestCase1 -->
