<?xml version="1.0" encoding="UTF-8"?>
<!-- Generated by org.testng.reporters.JUnitReportReporter -->
<testsuite hostname="DESKTOP-8ED7I7K" failures="0" tests="1" name="seleniumproject1.selenium1.TestCase1" time="22.068" errors="0" timestamp="2024-10-16T12:15:41 IST" skipped="0">
  <testcase classname="seleniumproject1.selenium1.TestCase1" name="login_to_amazon" time="22.068"/>
</testsuite> <!-- seleniumproject1.selenium1.TestCase1 -->
